\BOOKMARK [1][-]{section.1}{\376\377\0001\000.\000\040\116\343\170\001\227\000\154\102}{}% 1
\BOOKMARK [2][-]{subsection.1.1}{\376\377\0001\000.\0001\000.\000\040\133\211\210\305\000+\122\035\131\313\116\343\170\001}{section.1}% 2
\BOOKMARK [2][-]{subsection.1.2}{\376\377\0001\000.\0002\000.\000\040\127\372\147\054\220\073\217\221}{section.1}% 3
\BOOKMARK [2][-]{subsection.1.3}{\376\377\0001\000.\0003\000.\000\040\214\003\213\325}{section.1}% 4
\BOOKMARK [2][-]{subsection.1.4}{\376\377\0001\000.\0004\000.\000\040\123\302\200\003\145\207\150\143}{section.1}% 5
\BOOKMARK [1][-]{section.2}{\376\377\0002\000.\000\040\000p\000y\000t\000h\000o\000n}{}% 6
\BOOKMARK [2][-]{subsection.2.1}{\376\377\0002\000.\0001\000.\000\040\133\211\210\305\000+\122\035\131\313\116\343\170\001}{section.2}% 7
\BOOKMARK [2][-]{subsection.2.2}{\376\377\0002\000.\0002\000.\000\040\127\372\147\054\220\073\217\221}{section.2}% 8
\BOOKMARK [2][-]{subsection.2.3}{\376\377\0002\000.\0003\000.\000\040\214\003\213\325}{section.2}% 9
\BOOKMARK [2][-]{subsection.2.4}{\376\377\0002\000.\0004\000.\000\040\123\302\200\003\145\207\150\143}{section.2}% 10
\BOOKMARK [2][-]{subsection.2.5}{\376\377\0002\000.\0005\000.\000\040\123\357\200\375\117\032\133\146\116\140\166\204\150\007\121\306\152\041\127\127}{section.2}% 11
\BOOKMARK [2][-]{subsection.2.6}{\376\377\0002\000.\0006\000.\000\040\000\050\140\363\117\335\165\131\166\204\000\051\117\213\133\120}{section.2}% 12
\BOOKMARK [1][-]{section.3}{\376\377\0003\000.\000\040\000s\000a\000g\000e}{}% 13
\BOOKMARK [2][-]{subsection.3.1}{\376\377\0003\000.\0001\000.\000\040\133\211\210\305\000+\122\035\131\313\116\343\170\001}{section.3}% 14
\BOOKMARK [2][-]{subsection.3.2}{\376\377\0003\000.\0002\000.\000\040\127\372\147\054\220\073\217\221}{section.3}% 15
\BOOKMARK [2][-]{subsection.3.3}{\376\377\0003\000.\0003\000.\000\040\214\003\213\325}{section.3}% 16
\BOOKMARK [2][-]{subsection.3.4}{\376\377\0003\000.\0004\000.\000\040\123\302\200\003\145\207\150\143}{section.3}% 17
\BOOKMARK [2][-]{subsection.3.5}{\376\377\0003\000.\0005\000.\000\040\000\050\140\363\117\335\165\131\166\204\000\051\117\213\133\120}{section.3}% 18
\BOOKMARK [1][-]{section.4}{\376\377\0004\000.\000\040\000M\000a\000n\000i\000m\000\040\000C\000o\000m\000m\000u\000n\000i\000t\000y}{}% 19
\BOOKMARK [2][-]{subsection.4.1}{\376\377\0004\000.\0001\000.\000\040\133\211\210\305\000+\122\035\131\313\116\343\170\001}{section.4}% 20
\BOOKMARK [2][-]{subsection.4.2}{\376\377\0004\000.\0002\000.\000\040\123\302\200\003\145\207\150\143}{section.4}% 21
\BOOKMARK [1][-]{section.5}{\376\377\0005\000.\000\040\000l\000a\000t\000e\000x}{}% 22
\BOOKMARK [2][-]{subsection.5.1}{\376\377\0005\000.\0001\000.\000\040\127\372\147\054\220\073\217\221}{section.5}% 23
\BOOKMARK [2][-]{subsection.5.2}{\376\377\0005\000.\0002\000.\000\040\147\054\145\207\123\302\200\003\145\207\163\056}{section.5}% 24
\BOOKMARK [2][-]{subsection.5.3}{\376\377\0005\000.\0003\000.\000\040\123\302\200\003\145\207\150\143}{section.5}% 25
\BOOKMARK [2][-]{subsection.5.4}{\376\377\0005\000.\0004\000.\000\040\227\136\122\035\173\111\117\106\146\057\120\074\137\227\133\146\116\140\166\204\133\217\123\005}{section.5}% 26
\BOOKMARK [2][-]{subsection.5.5}{\376\377\0005\000.\0005\000.\000\040\000\050\140\363\117\335\165\131\166\204\000\051\117\213\133\120}{section.5}% 27
\BOOKMARK [1][-]{section.6}{\376\377\0006\000.\000\040\000M\000a\000t\000h\000e\000m\000a\000t\000i\000c\000a}{}% 28
\BOOKMARK [2][-]{subsection.6.1}{\376\377\0006\000.\0001\000.\000\040\133\211\210\305\000+\122\035\131\313\116\343\170\001}{section.6}% 29
\BOOKMARK [2][-]{subsection.6.2}{\376\377\0006\000.\0002\000.\000\040\000\050\140\363\117\335\165\131\166\204\000\051\117\213\133\120}{section.6}% 30
\BOOKMARK [1][-]{section.7}{\376\377\0007\000.\000\040\000P\000u\000z\000z\000l\000e\000S\000c\000r\000i\000p\000t}{}% 31
\BOOKMARK [2][-]{subsection.7.1}{\376\377\0007\000.\0001\000.\000\040\127\372\147\054\220\073\217\221}{section.7}% 32
\BOOKMARK [2][-]{subsection.7.2}{\376\377\0007\000.\0002\000.\000\040\214\003\213\325}{section.7}% 33
\BOOKMARK [2][-]{subsection.7.3}{\376\377\0007\000.\0003\000.\000\040\123\302\200\003\145\207\150\143}{section.7}% 34
\BOOKMARK [2][-]{subsection.7.4}{\376\377\0007\000.\0004\000.\000\040\000\050\140\363\117\335\165\131\166\204\000\051\117\213\133\120}{section.7}% 35
\BOOKMARK [1][-]{section.8}{\376\377\0008\000.\000\040\000P\000O\000V\000-\000R\000a\000y}{}% 36
\BOOKMARK [2][-]{subsection.8.1}{\376\377\0008\000.\0001\000.\000\040\133\211\210\305\000+\122\035\131\313\116\343\170\001}{section.8}% 37
\BOOKMARK [2][-]{subsection.8.2}{\376\377\0008\000.\0002\000.\000\040\127\372\147\054\220\073\217\221}{section.8}% 38
\BOOKMARK [2][-]{subsection.8.3}{\376\377\0008\000.\0003\000.\000\040\214\003\213\325}{section.8}% 39
\BOOKMARK [2][-]{subsection.8.4}{\376\377\0008\000.\0004\000.\000\040\123\302\200\003\145\207\150\143}{section.8}% 40
\BOOKMARK [2][-]{subsection.8.5}{\376\377\0008\000.\0005\000.\000\040\000\050\140\363\117\335\165\131\166\204\000\051\117\213\133\120}{section.8}% 41
\BOOKMARK [2][-]{subsection.8.6}{\376\377\0008\000.\0006\000.\000\040\000T\000a\000s\000k\000s}{section.8}% 42
\BOOKMARK [1][-]{section.9}{\376\377\0009\000.\000\040\122\115\172\357\000,\000s\000u\000b\000l\000i\000m\000e}{}% 43
\BOOKMARK [2][-]{subsection.9.1}{\376\377\0009\000.\0001\000.\000\040\133\211\210\305\000+\122\035\131\313\116\343\170\001}{section.9}% 44
\BOOKMARK [2][-]{subsection.9.2}{\376\377\0009\000.\0002\000.\000\040\214\003\213\325}{section.9}% 45
\BOOKMARK [2][-]{subsection.9.3}{\376\377\0009\000.\0003\000.\000\040\227\136\122\035\173\111\117\106\146\057\120\074\137\227\133\146\116\140\166\204\136\223}{section.9}% 46
\BOOKMARK [1][-]{section.10}{\376\377\0001\0000\000.\000\040\165\065\201\021\137\353\143\167\225\056\000\050\116\055\176\247\000\051}{}% 47
\BOOKMARK [1][-]{section.11}{\376\377\0001\0001\000.\000\040\153\143\122\031\210\150\217\276\137\017}{}% 48
\BOOKMARK [2][-]{subsection.11.1}{\376\377\0001\0001\000.\0001\000.\000\040\123\302\200\003\145\207\150\143}{section.11}% 49
\BOOKMARK [1][-]{section.12}{\376\377\0001\0002\000.\000\040\160\355\225\056\213\276\177\156\000\050\000A\000u\000t\000o\000H\000o\000t\000k\000e\000y\000\051}{}% 50
\BOOKMARK [2][-]{subsection.12.1}{\376\377\0001\0002\000.\0001\000.\000\040\214\003\213\325}{section.12}% 51
\BOOKMARK [2][-]{subsection.12.2}{\376\377\0001\0002\000.\0002\000.\000\040\123\302\200\003\145\207\150\143}{section.12}% 52
\BOOKMARK [2][-]{subsection.12.3}{\376\377\0001\0002\000.\0003\000.\000\040\000\050\140\363\117\335\165\131\166\204\000\051\117\213\133\120}{section.12}% 53
\BOOKMARK [2][-]{subsection.12.4}{\376\377\0001\0002\000.\0004\000.\000\040\000T\000a\000s\000k\000s}{section.12}% 54
\BOOKMARK [1][-]{section.13}{\376\377\0001\0003\000.\000\040\121\166\116\326}{}% 55
\BOOKMARK [2][-]{subsection.13.1}{\376\377\0001\0003\000.\0001\000.\000\040\145\160\133\146\166\204\123\357\211\306\123\026}{section.13}% 56
\BOOKMARK [2][-]{subsection.13.2}{\376\377\0001\0003\000.\0002\000.\000\040\145\160\133\146\116\016\156\070\142\017}{section.13}% 57
\BOOKMARK [2][-]{subsection.13.3}{\376\377\0001\0003\000.\0003\000.\000\040\145\160\133\146\213\272\145\207\201\352\150\300\155\101\172\013}{section.13}% 58
\BOOKMARK [2][-]{subsection.13.4}{\376\377\0001\0003\000.\0004\000.\000\040\145\160\133\146\166\370\121\163\123\345\133\120\152\041\147\177}{section.13}% 59
\BOOKMARK [2][-]{subsection.13.5}{\376\377\0001\0003\000.\0005\000.\000\040\137\267\213\355\145\345\136\070\123\345\133\120}{section.13}% 60
\BOOKMARK [2][-]{subsection.13.6}{\376\377\0001\0003\000.\0006\000.\000\040\154\325\213\355\145\345\136\070\123\345\133\120}{section.13}% 61
\BOOKMARK [1][-]{section*.1}{\376\377\000R\000e\000f\000e\000r\000e\000n\000c\000e\000s}{}% 62
